<?xml version="1.0" encoding="UTF-8"?>
<!-- Generated by org.testng.reporters.JUnitXMLReporter -->
<testsuite hostname="DHANA-PC" ignored="0" name="TestOneAndTwo" tests="4" failures="0" timestamp="15 Nov 2018 04:03:37 GMT" time="0.046" errors="0">
  <testcase name="f" time="0.005" classname="first.com.testing.SampleTest"/>
  <testcase name="normaltest" time="0.001" classname="first.com.testing.SampleTest"/>
  <testcase name="f" time="0.003" classname="first.com.testing.SampleTwo"/>
  <testcase name="normaltest" time="0.002" classname="first.com.testing.SampleTwo"/>
</testsuite> <!-- TestOneAndTwo -->
