<?xml version="1.0" encoding="UTF-8"?>
<testng-results skipped="0" failed="0" ignored="0" total="2" passed="2">
  <reporter-output>
  </reporter-output>
  <suite name="Default suite" duration-ms="32" started-at="2018-11-17T01:59:37Z" finished-at="2018-11-17T01:59:37Z">
    <groups>
    </groups>
    <test name="Default test" duration-ms="32" started-at="2018-11-17T01:59:37Z" finished-at="2018-11-17T01:59:37Z">
      <class name="first.com.testing.SampleTest">
        <test-method status="PASS" signature="beforeSuite()[pri:0, instance:first.com.testing.SampleTest@25af5db5]" name="beforeSuite" is-config="true" duration-ms="10" started-at="2018-11-17T01:59:37Z" finished-at="2018-11-17T01:59:37Z">
          <reporter-output>
          </reporter-output>
        </test-method> <!-- beforeSuite -->
        <test-method status="PASS" signature="beforeTest()[pri:0, instance:first.com.testing.SampleTest@25af5db5]" name="beforeTest" is-config="true" duration-ms="0" started-at="2018-11-17T01:59:37Z" finished-at="2018-11-17T01:59:37Z">
          <reporter-output>
          </reporter-output>
        </test-method> <!-- beforeTest -->
        <test-method status="PASS" signature="beforeClass()[pri:0, instance:first.com.testing.SampleTest@25af5db5]" name="beforeClass" is-config="true" duration-ms="0" started-at="2018-11-17T01:59:37Z" finished-at="2018-11-17T01:59:37Z">
          <reporter-output>
          </reporter-output>
        </test-method> <!-- beforeClass -->
        <test-method status="PASS" signature="beforeMethod()[pri:0, instance:first.com.testing.SampleTest@25af5db5]" name="beforeMethod" is-config="true" duration-ms="1" started-at="2018-11-17T01:59:37Z" finished-at="2018-11-17T01:59:37Z">
          <reporter-output>
          </reporter-output>
        </test-method> <!-- beforeMethod -->
        <test-method status="PASS" signature="testOne()[pri:0, instance:first.com.testing.SampleTest@25af5db5]" name="testOne" duration-ms="5" started-at="2018-11-17T01:59:37Z" finished-at="2018-11-17T01:59:37Z">
          <reporter-output>
          </reporter-output>
        </test-method> <!-- testOne -->
        <test-method status="PASS" signature="afterMethod()[pri:0, instance:first.com.testing.SampleTest@25af5db5]" name="afterMethod" is-config="true" duration-ms="1" started-at="2018-11-17T01:59:37Z" finished-at="2018-11-17T01:59:37Z">
          <reporter-output>
          </reporter-output>
        </test-method> <!-- afterMethod -->
        <test-method status="PASS" signature="testTwo()[pri:0, instance:first.com.testing.SampleTest@25af5db5]" name="testTwo" duration-ms="2" started-at="2018-11-17T01:59:37Z" finished-at="2018-11-17T01:59:37Z">
          <reporter-output>
          </reporter-output>
        </test-method> <!-- testTwo -->
        <test-method status="PASS" signature="beforeMethod()[pri:0, instance:first.com.testing.SampleTest@25af5db5]" name="beforeMethod" is-config="true" duration-ms="0" started-at="2018-11-17T01:59:37Z" finished-at="2018-11-17T01:59:37Z">
          <reporter-output>
          </reporter-output>
        </test-method> <!-- beforeMethod -->
        <test-method status="PASS" signature="afterMethod()[pri:0, instance:first.com.testing.SampleTest@25af5db5]" name="afterMethod" is-config="true" duration-ms="1" started-at="2018-11-17T01:59:37Z" finished-at="2018-11-17T01:59:37Z">
          <reporter-output>
          </reporter-output>
        </test-method> <!-- afterMethod -->
        <test-method status="PASS" signature="afterClass()[pri:0, instance:first.com.testing.SampleTest@25af5db5]" name="afterClass" is-config="true" duration-ms="1" started-at="2018-11-17T01:59:37Z" finished-at="2018-11-17T01:59:37Z">
          <reporter-output>
          </reporter-output>
        </test-method> <!-- afterClass -->
        <test-method status="PASS" signature="afterTest()[pri:0, instance:first.com.testing.SampleTest@25af5db5]" name="afterTest" is-config="true" duration-ms="1" started-at="2018-11-17T01:59:37Z" finished-at="2018-11-17T01:59:37Z">
          <reporter-output>
          </reporter-output>
        </test-method> <!-- afterTest -->
        <test-method status="PASS" signature="afterSuite()[pri:0, instance:first.com.testing.SampleTest@25af5db5]" name="afterSuite" is-config="true" duration-ms="0" started-at="2018-11-17T01:59:37Z" finished-at="2018-11-17T01:59:37Z">
          <reporter-output>
          </reporter-output>
        </test-method> <!-- afterSuite -->
      </class> <!-- first.com.testing.SampleTest -->
    </test> <!-- Default test -->
  </suite> <!-- Default suite -->
</testng-results>
